0 info it worked if it ends with ok
1 verbose cli [ 'node', '/usr/local/bin/npm', 'start' ]
2 info using npm@3.8.6
3 info using node@v0.10.35
4 verbose run-script [ 'prestart', 'start', 'poststart' ]
5 info lifecycle angulartype_skeleton@1.0.0~prestart: angulartype_skeleton@1.0.0
6 silly lifecycle angulartype_skeleton@1.0.0~prestart: no script for prestart, continuing
7 info lifecycle angulartype_skeleton@1.0.0~start: angulartype_skeleton@1.0.0
8 verbose lifecycle angulartype_skeleton@1.0.0~start: unsafe-perm in lifecycle true
9 verbose lifecycle angulartype_skeleton@1.0.0~start: PATH: /usr/local/lib/node_modules/npm/bin/node-gyp-bin:/Users/darylmilne/vagrant-local/www/scratch/htdocs/angulartype_skeleton/node_modules/.bin:/usr/local/bin:/Users/darylmilne/.rbenv/shims:/Users/darylmilne/.composer/vendor/bin:/usr/local/bin:/usr/local/sbin:/usr/local/mysql/bin:/usr/local/bin:/usr/bin:/bin:/usr/sbin:/sbin:/opt/X11/bin
10 verbose lifecycle angulartype_skeleton@1.0.0~start: CWD: /Users/darylmilne/vagrant-local/www/scratch/htdocs/angulartype_skeleton
11 silly lifecycle angulartype_skeleton@1.0.0~start: Args: [ '-c', 'tsc && "tsc -w"' ]
12 info lifecycle angulartype_skeleton@1.0.0~start: Failed to exec start script
13 verbose stack Error: angulartype_skeleton@1.0.0 start: `tsc && "tsc -w"`
13 verbose stack spawn ENOENT
13 verbose stack     at ChildProcess.<anonymous> (/usr/local/lib/node_modules/npm/lib/utils/spawn.js:17:16)
13 verbose stack     at ChildProcess.emit (events.js:98:17)
13 verbose stack     at maybeClose (child_process.js:766:16)
13 verbose stack     at Process.ChildProcess._handle.onexit (child_process.js:833:5)
14 verbose pkgid angulartype_skeleton@1.0.0
15 verbose cwd /Users/darylmilne/vagrant-local/www/scratch/htdocs/angulartype_skeleton
16 error Darwin 16.4.0
17 error argv "node" "/usr/local/bin/npm" "start"
18 error node v0.10.35
19 error npm  v3.8.6
20 error file sh
21 error code ELIFECYCLE
22 error errno ENOENT
23 error syscall spawn
24 error angulartype_skeleton@1.0.0 start: `tsc && "tsc -w"`
24 error spawn ENOENT
25 error Failed at the angulartype_skeleton@1.0.0 start script 'tsc && "tsc -w"'.
25 error Make sure you have the latest version of node.js and npm installed.
25 error If you do, this is most likely a problem with the angulartype_skeleton package,
25 error not with npm itself.
25 error Tell the author that this fails on your system:
25 error     tsc && "tsc -w"
25 error You can get information on how to open an issue for this project with:
25 error     npm bugs angulartype_skeleton
25 error Or if that isn't available, you can get their info via:
25 error     npm owner ls angulartype_skeleton
25 error There is likely additional logging output above.
26 verbose exit [ 1, true ]
